This is pdfTeX, Version 3.141592653-2.6-1.40.28 (MiKTeX 25.12 Portable) (preloaded format=pdflatex 2026.1.19)  28 JAN 2026 21:35
entering extended mode
 restricted \write18 enabled.
 %&-line parsing enabled.
**./charte_projet.tex
(charte_projet.tex
LaTeX2e <2025-11-01>
L3 programming layer <2025-12-24>

(C:\Users\touat\scoop\apps\miktex\current\texmfs\install\tex/latex/base\article
.cls
Document Class: article 2025/01/22 v1.4n Standard LaTeX document class

(C:\Users\touat\scoop\apps\miktex\current\texmfs\install\tex/latex/base\size12.
clo
File: size12.clo 2025/01/22 v1.4n Standard LaTeX file (size option)
)
\c@part=\count275
\c@section=\count276
\c@subsection=\count277
\c@subsubsection=\count278
\c@paragraph=\count279
\c@subparagraph=\count280
\c@figure=\count281
\c@table=\count282
\abovecaptionskip=\skip49
\belowcaptionskip=\skip50
\bibindent=\dimen148
)
(C:\Users\touat\scoop\apps\miktex\current\texmfs\install\tex/latex/base\inputen
c.sty
Package: inputenc 2024/02/08 v1.3d Input encoding file
\inpenc@prehook=\toks17
\inpenc@posthook=\toks18
)
(C:\Users\touat\scoop\apps\miktex\current\texmfs\install\tex/latex/base\fontenc
.sty
Package: fontenc 2025/07/18 v2.1d Standard LaTeX package
)
(C:\Users\touat\scoop\apps\miktex\current\texmfs\install\tex/generic/babel\babe
l.sty
Package: babel 2025/12/11 v25.17 The multilingual framework for LuaLaTeX, pdfLa
TeX and XeLaTeX
\babel@savecnt=\count283
LaTeX Encoding Info:    Redeclaring text command \ij (encoding OT1) on input li
ne 2068.
LaTeX Encoding Info:    Redeclaring text command \IJ (encoding OT1) on input li
ne 2070.
LaTeX Encoding Info:    Redeclaring text command \ij (encoding T1) on input lin
e 2072.
LaTeX Encoding Info:    Redeclaring text command \IJ (encoding T1) on input lin
e 2073.
LaTeX Encoding Info:    Ignoring declaration for text command \ij (encoding ?) 
on input line 2074.
LaTeX Encoding Info:    Ignoring declaration for text command \IJ (encoding ?) 
on input line 2076.
LaTeX Encoding Info:    Ignoring declaration for text command \SS (encoding ?) 
on input line 2101.
\U@D=\dimen149
\l@unhyphenated=\language79

(C:\Users\touat\scoop\apps\miktex\current\texmfs\install\tex/generic/babel\txtb
abel.def)
\bbl@readstream=\read2
\bbl@dirlevel=\count284
Package babel Info: Configuration files are deprecated, as
(babel)             they can break document portability.
(babel)             Reported on input line 4196.

*************************************
* Local config file bblopts.cfg used
*

(C:\Users\touat\scoop\apps\miktex\current\texmfs\install\tex/latex/arabi\bblopt
s.cfg
File: bblopts.cfg 2005/09/08 v0.1 add Arabic and Farsi to "declared" options of
 babel
)
(C:\Users\touat\scoop\apps\miktex\current\texmfs\install\tex/generic/babel/loca
le/fr\babel-french.tex)
Package babel Info: Importing font and identification data for french
(babel)             from babel-fr.ini. Reported on input line 4320.

(C:\Users\touat\scoop\apps\miktex\current\texmfs\install\tex/generic/babel-fren
ch\french.ldf
Language: french 2025-08-15 v4.0e French support from the babel system

(C:\Users\touat\scoop\apps\miktex\current\texmfs\install\tex/generic/babel-fren
ch\french3.ldf
Language: french 2025-08-15 v3.7e French support from the babel system
\FB@stdchar=\count285
Package babel Info: Making : an active character on input line 273.
Package babel Info: Making ; an active character on input line 274.
Package babel Info: Making ! an active character on input line 275.
Package babel Info: Making ? an active character on input line 276.
\FBguill@level=\count286
\FBold@everypar=\toks19
\FB@Mht=\dimen150
\mc@charclass=\count287
\mc@charfam=\count288
\mc@charslot=\count289
\std@mcc=\count290
\dec@mcc=\count291
\FB@pardim=\dimen151
\listindentFB=\dimen152
\descindentFB=\dimen153
\labelindentFB=\dimen154
\labelwidthFB=\dimen155
\leftmarginFB=\dimen156
\parindentFFN=\dimen157
\FBfnindent=\dimen158
)))
(C:\Users\touat\scoop\apps\miktex\current\texmfs\install\tex/latex/carlisle\sca
lefnt.sty)
(C:\Users\touat\scoop\apps\miktex\current\texmfs\install\tex/latex/geometry\geo
metry.sty
Package: geometry 2020/01/02 v5.9 Page Geometry

(C:\Users\touat\scoop\apps\miktex\current\texmfs\install\tex/latex/graphics\key
val.sty
Package: keyval 2022/05/29 v1.15 key=value parser (DPC)
\KV@toks@=\toks20
)
(C:\Users\touat\scoop\apps\miktex\current\texmfs\install\tex/generic/iftex\ifvt
ex.sty
Package: ifvtex 2019/10/25 v1.7 ifvtex legacy package. Use iftex instead.

(C:\Users\touat\scoop\apps\miktex\current\texmfs\install\tex/generic/iftex\ifte
x.sty
Package: iftex 2024/12/12 v1.0g TeX engine tests
))
\Gm@cnth=\count292
\Gm@cntv=\count293
\c@Gm@tempcnt=\count294
\Gm@bindingoffset=\dimen159
\Gm@wd@mp=\dimen160
\Gm@odd@mp=\dimen161
\Gm@even@mp=\dimen162
\Gm@layoutwidth=\dimen163
\Gm@layoutheight=\dimen164
\Gm@layouthoffset=\dimen165
\Gm@layoutvoffset=\dimen166
\Gm@dimlist=\toks21

(C:\Users\touat\scoop\apps\miktex\current\texmfs\install\tex/latex/geometry\geo
metry.cfg))
(C:\Users\touat\scoop\apps\miktex\current\texmfs\install\tex/latex/graphics\gra
phicx.sty
Package: graphicx 2024/12/31 v1.2e Enhanced LaTeX Graphics (DPC,SPQR)

(C:\Users\touat\scoop\apps\miktex\current\texmfs\install\tex/latex/graphics\gra
phics.sty
Package: graphics 2024/08/06 v1.4g Standard LaTeX Graphics (DPC,SPQR)

(C:\Users\touat\scoop\apps\miktex\current\texmfs\install\tex/latex/graphics\tri
g.sty
Package: trig 2023/12/02 v1.11 sin cos tan (DPC)
)
(C:\Users\touat\scoop\apps\miktex\current\texmfs\install\tex/latex/graphics-cfg
\graphics.cfg
File: graphics.cfg 2016/06/04 v1.11 sample graphics configuration
)
Package graphics Info: Driver file: pdftex.def on input line 106.

(C:\Users\touat\scoop\apps\miktex\current\texmfs\install\tex/latex/graphics-def
\pdftex.def
File: pdftex.def 2025/09/29 v1.2d Graphics/color driver for pdftex
))
\Gin@req@height=\dimen167
\Gin@req@width=\dimen168
)
(C:\Users\touat\scoop\apps\miktex\current\texmfs\install\tex/latex/fancyhdr\fan
cyhdr.sty
Package: fancyhdr 2025/02/07 v5.2 Extensive control of page headers and footers

\f@nch@headwidth=\skip51
\f@nch@offset@elh=\skip52
\f@nch@offset@erh=\skip53
\f@nch@offset@olh=\skip54
\f@nch@offset@orh=\skip55
\f@nch@offset@elf=\skip56
\f@nch@offset@erf=\skip57
\f@nch@offset@olf=\skip58
\f@nch@offset@orf=\skip59
\f@nch@height=\skip60
\f@nch@footalignment=\skip61
\f@nch@widthL=\skip62
\f@nch@widthC=\skip63
\f@nch@widthR=\skip64
\@temptokenb=\toks22
)
(C:\Users\touat\scoop\apps\miktex\current\texmfs\install\tex/latex/titlesec\tit
lesec.sty
Package: titlesec 2025/01/04 v2.17 Sectioning titles
\ttl@box=\box53
\beforetitleunit=\skip65
\aftertitleunit=\skip66
\ttl@plus=\dimen169
\ttl@minus=\dimen170
\ttl@toksa=\toks23
\titlewidth=\dimen171
\titlewidthlast=\dimen172
\titlewidthfirst=\dimen173
)
(C:\Users\touat\scoop\apps\miktex\current\texmfs\install\tex/latex/hyperref\hyp
erref.sty
Package: hyperref 2025-07-12 v7.01o Hypertext links for LaTeX

(C:\Users\touat\scoop\apps\miktex\current\texmfs\install\tex/latex/kvsetkeys\kv
setkeys.sty
Package: kvsetkeys 2022-10-05 v1.19 Key value parser (HO)
)
(C:\Users\touat\scoop\apps\miktex\current\texmfs\install\tex/generic/kvdefineke
ys\kvdefinekeys.sty
Package: kvdefinekeys 2019-12-19 v1.6 Define keys (HO)
)
(C:\Users\touat\scoop\apps\miktex\current\texmfs\install\tex/generic/pdfescape\
pdfescape.sty
Package: pdfescape 2019/12/09 v1.15 Implements pdfTeX's escape features (HO)

(C:\Users\touat\scoop\apps\miktex\current\texmfs\install\tex/generic/ltxcmds\lt
xcmds.sty
Package: ltxcmds 2023-12-04 v1.26 LaTeX kernel commands for general use (HO)
)
(C:\Users\touat\scoop\apps\miktex\current\texmfs\install\tex/generic/pdftexcmds
\pdftexcmds.sty
Package: pdftexcmds 2020-06-27 v0.33 Utility functions of pdfTeX for LuaTeX (HO
)

(C:\Users\touat\scoop\apps\miktex\current\texmfs\install\tex/generic/infwarerr\
infwarerr.sty
Package: infwarerr 2019/12/03 v1.5 Providing info/warning/error messages (HO)
)
Package pdftexcmds Info: \pdf@primitive is available.
Package pdftexcmds Info: \pdf@ifprimitive is available.
Package pdftexcmds Info: \pdfdraftmode found.
))
(C:\Users\touat\scoop\apps\miktex\current\texmfs\install\tex/latex/hycolor\hyco
lor.sty
Package: hycolor 2020-01-27 v1.10 Color options for hyperref/bookmark (HO)
)
(C:\Users\touat\scoop\apps\miktex\current\texmfs\install\tex/latex/hyperref\nam
eref.sty
Package: nameref 2025-06-21 v2.57 Cross-referencing by name of section

(C:\Users\touat\scoop\apps\miktex\current\texmfs\install\tex/latex/refcount\ref
count.sty
Package: refcount 2019/12/15 v3.6 Data extraction from label references (HO)
)
(C:\Users\touat\scoop\apps\miktex\current\texmfs\install\tex/generic/gettitlest
ring\gettitlestring.sty
Package: gettitlestring 2019/12/15 v1.6 Cleanup title references (HO)

(C:\Users\touat\scoop\apps\miktex\current\texmfs\install\tex/latex/kvoptions\kv
options.sty
Package: kvoptions 2022-06-15 v3.15 Key value format for package options (HO)
))
\c@section@level=\count295
)
(C:\Users\touat\scoop\apps\miktex\current\texmfs\install\tex/latex/etoolbox\eto
olbox.sty
Package: etoolbox 2025/10/02 v2.5m e-TeX tools for LaTeX (JAW)
\etb@tempcnta=\count296
)
(C:\Users\touat\scoop\apps\miktex\current\texmfs\install\tex/generic/stringenc\
stringenc.sty
Package: stringenc 2019/11/29 v1.12 Convert strings between diff. encodings (HO
)
)
\@linkdim=\dimen174
\Hy@linkcounter=\count297
\Hy@pagecounter=\count298

(C:\Users\touat\scoop\apps\miktex\current\texmfs\install\tex/latex/hyperref\pd1
enc.def
File: pd1enc.def 2025-07-12 v7.01o Hyperref: PDFDocEncoding definition (HO)
Now handling font encoding PD1 ...
... no UTF-8 mapping file for font encoding PD1
)
(C:\Users\touat\scoop\apps\miktex\current\texmfs\install\tex/generic/intcalc\in
tcalc.sty
Package: intcalc 2019/12/15 v1.3 Expandable calculations with integers (HO)
)
\Hy@SavedSpaceFactor=\count299

(C:\Users\touat\scoop\apps\miktex\current\texmfs\install\tex/latex/hyperref\pue
nc.def
File: puenc.def 2025-07-12 v7.01o Hyperref: PDF Unicode definition (HO)
Now handling font encoding PU ...
... no UTF-8 mapping file for font encoding PU
)
Package hyperref Info: Hyper figures OFF on input line 4195.
Package hyperref Info: Link nesting OFF on input line 4200.
Package hyperref Info: Hyper index ON on input line 4203.
Package hyperref Info: Plain pages OFF on input line 4210.
Package hyperref Info: Backreferencing OFF on input line 4215.
Package hyperref Info: Implicit mode ON; LaTeX internals redefined.
Package hyperref Info: Bookmarks ON on input line 4462.
\c@Hy@tempcnt=\count300

(C:\Users\touat\scoop\apps\miktex\current\texmfs\install\tex/latex/url\url.sty
\Urlmuskip=\muskip17
Package: url 2013/09/16  ver 3.4  Verb mode for urls, etc.
)
LaTeX Info: Redefining \url on input line 4801.
\XeTeXLinkMargin=\dimen175

(C:\Users\touat\scoop\apps\miktex\current\texmfs\install\tex/generic/bitset\bit
set.sty
Package: bitset 2019/12/09 v1.3 Handle bit-vector datatype (HO)

(C:\Users\touat\scoop\apps\miktex\current\texmfs\install\tex/generic/bigintcalc
\bigintcalc.sty
Package: bigintcalc 2019/12/15 v1.5 Expandable calculations on big integers (HO
)
))
\Fld@menulength=\count301
\Field@Width=\dimen176
\Fld@charsize=\dimen177
Package hyperref Info: Hyper figures OFF on input line 6078.
Package hyperref Info: Link nesting OFF on input line 6083.
Package hyperref Info: Hyper index ON on input line 6086.
Package hyperref Info: backreferencing OFF on input line 6093.
Package hyperref Info: Link coloring OFF on input line 6098.
Package hyperref Info: Link coloring with OCG OFF on input line 6103.
Package hyperref Info: PDF/A mode OFF on input line 6108.
\Hy@abspage=\count302
\c@Item=\count303
\c@Hfootnote=\count304
)
Package hyperref Info: Driver (autodetected): hpdftex.

(C:\Users\touat\scoop\apps\miktex\current\texmfs\install\tex/latex/hyperref\hpd
ftex.def
File: hpdftex.def 2025-07-12 v7.01o Hyperref driver for pdfTeX
\Fld@listcount=\count305
\c@bookmark@seq@number=\count306

(C:\Users\touat\scoop\apps\miktex\current\texmfs\install\tex/latex/rerunfileche
ck\rerunfilecheck.sty
Package: rerunfilecheck 2025-06-21 v1.11 Rerun checks for auxiliary files (HO)

(C:\Users\touat\scoop\apps\miktex\current\texmfs\install\tex/generic/uniquecoun
ter\uniquecounter.sty
Package: uniquecounter 2019/12/15 v1.4 Provide unlimited unique counter (HO)
)
Package uniquecounter Info: New unique counter `rerunfilecheck' on input line 2
84.
)
\Hy@SectionHShift=\skip67
)
(C:\Users\touat\scoop\apps\miktex\current\texmfs\install\tex/latex/xcolor\xcolo
r.sty
Package: xcolor 2024/09/29 v3.02 LaTeX color extensions (UK)

(C:\Users\touat\scoop\apps\miktex\current\texmfs\install\tex/latex/graphics-cfg
\color.cfg
File: color.cfg 2016/01/02 v1.6 sample color configuration
)
Package xcolor Info: Driver file: pdftex.def on input line 274.

(C:\Users\touat\scoop\apps\miktex\current\texmfs\install\tex/latex/graphics\mat
hcolor.ltx)
Package xcolor Info: Model `cmy' substituted by `cmy0' on input line 1349.
Package xcolor Info: Model `hsb' substituted by `rgb' on input line 1353.
Package xcolor Info: Model `RGB' extended on input line 1365.
Package xcolor Info: Model `HTML' substituted by `rgb' on input line 1367.
Package xcolor Info: Model `Hsb' substituted by `hsb' on input line 1368.
Package xcolor Info: Model `tHsb' substituted by `hsb' on input line 1369.
Package xcolor Info: Model `HSB' substituted by `hsb' on input line 1370.
Package xcolor Info: Model `Gray' substituted by `gray' on input line 1371.
Package xcolor Info: Model `wave' substituted by `hsb' on input line 1372.
)
(C:\Users\touat\scoop\apps\miktex\current\texmfs\install\tex/latex/enumitem\enu
mitem.sty
Package: enumitem 2025/02/06 v3.11 Customized lists
\labelindent=\skip68
\enit@outerparindent=\dimen178
\enit@toks=\toks24
\enit@inbox=\box54
\enit@count@id=\count307
\enitdp@description=\count308
)
(C:\Users\touat\scoop\apps\miktex\current\texmfs\install\tex/latex/float\float.
sty
Package: float 2001/11/08 v1.3d Float enhancements (AL)
\c@float@type=\count309
\float@exts=\toks25
\float@box=\box55
\@float@everytoks=\toks26
\@floatcapt=\box56
)
Package french3.ldf Info: Setting StandardItemizeEnv=true for
(french3.ldf)             compatibility with enumitem package,
(french3.ldf)             reported on input line 45.
Package french3.ldf Info: Setting StandardEnumerateEnv=true for
(french3.ldf)             compatibility with enumitem package,
(french3.ldf)             reported on input line 45.

(C:\Users\touat\scoop\apps\miktex\current\texmfs\install\tex/latex/l3backend\l3
backend-pdftex.def
File: l3backend-pdftex.def 2025-10-09 L3 backend support: PDF output (pdfTeX)
\l__color_backend_stack_int=\count310
) (charte_projet.aux
Package babel Info: 'french' activates 'french' shorthands.
(babel)             Reported on input line 11.
)
\openout1 = `charte_projet.aux'.

LaTeX Font Info:    Checking defaults for OML/cmm/m/it on input line 45.
LaTeX Font Info:    ... okay on input line 45.
LaTeX Font Info:    Checking defaults for OMS/cmsy/m/n on input line 45.
LaTeX Font Info:    ... okay on input line 45.
LaTeX Font Info:    Checking defaults for OT1/cmr/m/n on input line 45.
LaTeX Font Info:    ... okay on input line 45.
LaTeX Font Info:    Checking defaults for T1/cmr/m/n on input line 45.
LaTeX Font Info:    ... okay on input line 45.
LaTeX Font Info:    Checking defaults for TS1/cmr/m/n on input line 45.
LaTeX Font Info:    ... okay on input line 45.
LaTeX Font Info:    Checking defaults for OMX/cmex/m/n on input line 45.
LaTeX Font Info:    ... okay on input line 45.
LaTeX Font Info:    Checking defaults for U/cmr/m/n on input line 45.
LaTeX Font Info:    ... okay on input line 45.
LaTeX Font Info:    Checking defaults for PD1/pdf/m/n on input line 45.
LaTeX Font Info:    ... okay on input line 45.
LaTeX Font Info:    Checking defaults for PU/pdf/m/n on input line 45.
LaTeX Font Info:    ... okay on input line 45.
LaTeX Info: Redefining \degres on input line 45.

*geometry* driver: auto-detecting
*geometry* detected driver: pdftex
*geometry* verbose mode - [ preamble ] result:
* driver: pdftex
* paper: a4paper
* layout: <same size as paper>
* layoutoffset:(h,v)=(0.0pt,0.0pt)
* modes: 
* h-part:(L,W,R)=(71.13188pt, 455.24411pt, 71.13188pt)
* v-part:(T,H,B)=(71.13188pt, 702.78308pt, 71.13188pt)
* \paperwidth=597.50787pt
* \paperheight=845.04684pt
* \textwidth=455.24411pt
* \textheight=702.78308pt
* \oddsidemargin=-1.1381pt
* \evensidemargin=-1.1381pt
* \topmargin=-38.1381pt
* \headheight=50.0pt
* \headsep=25.0pt
* \topskip=12.0pt
* \footskip=30.0pt
* \marginparwidth=35.0pt
* \marginparsep=10.0pt
* \columnsep=10.0pt
* \skip\footins=10.8pt plus 4.0pt minus 2.0pt
* \hoffset=0.0pt
* \voffset=0.0pt
* \mag=1000
* \@twocolumnfalse
* \@twosidefalse
* \@mparswitchfalse
* \@reversemarginfalse
* (1in=72.27pt=25.4mm, 1cm=28.453pt)


(C:\Users\touat\scoop\apps\miktex\current\texmfs\install\tex/context/base/mkii\
supp-pdf.mkii
[Loading MPS to PDF converter (version 2006.09.02).]
\scratchcounter=\count311
\scratchdimen=\dimen179
\scratchbox=\box57
\nofMPsegments=\count312
\nofMParguments=\count313
\everyMPshowfont=\toks27
\MPscratchCnt=\count314
\MPscratchDim=\dimen180
\MPnumerator=\count315
\makeMPintoPDFobject=\count316
\everyMPtoPDFconversion=\toks28
)
(C:\Users\touat\scoop\apps\miktex\current\texmfs\install\tex/latex/epstopdf-pkg
\epstopdf-base.sty
Package: epstopdf-base 2020-01-24 v2.11 Base part for package epstopdf
Package epstopdf-base Info: Redefining graphics rule for `.eps' on input line 4
85.

(C:\Users\touat\scoop\apps\miktex\current\texmfs\install\tex/latex/00miktex\eps
topdf-sys.cfg
File: epstopdf-sys.cfg 2021/03/18 v2.0 Configuration of epstopdf for MiKTeX
))
Package hyperref Info: Link coloring OFF on input line 45.
 (charte_projet.out) (charte_projet.out)
\@outlinefile=\write3
\openout3 = `charte_projet.out'.

<OFAClogo.jpg, id=67, 409.53pt x 172.39406pt>
File: OFAClogo.jpg Graphic file (type jpg)
<use OFAClogo.jpg>
Package pdftex.def Info: OFAClogo.jpg  used on input line 54.
(pdftex.def)             Requested size: 122.91632pt x 51.74228pt.
LaTeX Font Info:    External font `cmex10' loaded for size
(Font)              <12> on input line 56.
LaTeX Font Info:    External font `cmex10' loaded for size
(Font)              <8> on input line 56.
LaTeX Font Info:    External font `cmex10' loaded for size
(Font)              <6> on input line 56.
<logo_3il.png, id=68, 376.40625pt x 376.40625pt>
File: logo_3il.png Graphic file (type png)
<use logo_3il.png>
Package pdftex.def Info: logo_3il.png  used on input line 60.
(pdftex.def)             Requested size: 122.91632pt x 122.91641pt.
 [1

{C:/Users/touat/scoop/apps/miktex/current/texmfs/data/fonts/map/pdftex/pdftex.m
ap} <./OFAClogo.jpg> <./logo_3il.png>] (charte_projet.toc)
\tf@toc=\write4
\openout4 = `charte_projet.toc'.

File: OFAClogo.jpg Graphic file (type jpg)
<use OFAClogo.jpg>
Package pdftex.def Info: OFAClogo.jpg  used on input line 83.
(pdftex.def)             Requested size: 101.38242pt x 42.67912pt.
File: logo_3il.png Graphic file (type png)
<use logo_3il.png>
Package pdftex.def Info: logo_3il.png  used on input line 83.
(pdftex.def)             Requested size: 56.90074pt x 56.9055pt.


Package fancyhdr Warning: \headheight is too small (50.0pt): 
(fancyhdr)                Make it at least 61.25554pt, for example:
(fancyhdr)                \setlength{\headheight}{61.25554pt}.
(fancyhdr)                You might also make \topmargin smaller:
(fancyhdr)                \addtolength{\topmargin}{-11.25554pt}.


pdfTeX warning (ext4): destination with the same identifier (name{page.1}) has 
been already used, duplicate ignored
<to be read again> 
                   \relax 
l.83 \newpage
              [1]
File: OFAClogo.jpg Graphic file (type jpg)
<use OFAClogo.jpg>
Package pdftex.def Info: OFAClogo.jpg  used on input line 126.
(pdftex.def)             Requested size: 101.38242pt x 42.67912pt.
File: logo_3il.png Graphic file (type png)
<use logo_3il.png>
Package pdftex.def Info: logo_3il.png  used on input line 126.
(pdftex.def)             Requested size: 56.90074pt x 56.9055pt.


Package fancyhdr Warning: \headheight is too small (50.0pt): 
(fancyhdr)                Make it at least 61.25554pt, for example:
(fancyhdr)                \setlength{\headheight}{61.25554pt}.
(fancyhdr)                You might also make \topmargin smaller:
(fancyhdr)                \addtolength{\topmargin}{-11.25554pt}.

[2]
File: OFAClogo.jpg Graphic file (type jpg)
<use OFAClogo.jpg>
Package pdftex.def Info: OFAClogo.jpg  used on input line 163.
(pdftex.def)             Requested size: 101.38242pt x 42.67912pt.
File: logo_3il.png Graphic file (type png)
<use logo_3il.png>
Package pdftex.def Info: logo_3il.png  used on input line 163.
(pdftex.def)             Requested size: 56.90074pt x 56.9055pt.


Package fancyhdr Warning: \headheight is too small (50.0pt): 
(fancyhdr)                Make it at least 61.25554pt, for example:
(fancyhdr)                \setlength{\headheight}{61.25554pt}.
(fancyhdr)                You might also make \topmargin smaller:
(fancyhdr)                \addtolength{\topmargin}{-11.25554pt}.

[3]
File: OFAClogo.jpg Graphic file (type jpg)
<use OFAClogo.jpg>
Package pdftex.def Info: OFAClogo.jpg  used on input line 206.
(pdftex.def)             Requested size: 101.38242pt x 42.67912pt.
File: logo_3il.png Graphic file (type png)
<use logo_3il.png>
Package pdftex.def Info: logo_3il.png  used on input line 206.
(pdftex.def)             Requested size: 56.90074pt x 56.9055pt.


Package fancyhdr Warning: \headheight is too small (50.0pt): 
(fancyhdr)                Make it at least 61.25554pt, for example:
(fancyhdr)                \setlength{\headheight}{61.25554pt}.
(fancyhdr)                You might also make \topmargin smaller:
(fancyhdr)                \addtolength{\topmargin}{-11.25554pt}.

[4]
File: OFAClogo.jpg Graphic file (type jpg)
<use OFAClogo.jpg>
Package pdftex.def Info: OFAClogo.jpg  used on input line 229.
(pdftex.def)             Requested size: 101.38242pt x 42.67912pt.
File: logo_3il.png Graphic file (type png)
<use logo_3il.png>
Package pdftex.def Info: logo_3il.png  used on input line 229.
(pdftex.def)             Requested size: 56.90074pt x 56.9055pt.


Package fancyhdr Warning: \headheight is too small (50.0pt): 
(fancyhdr)                Make it at least 61.25554pt, for example:
(fancyhdr)                \setlength{\headheight}{61.25554pt}.
(fancyhdr)                You might also make \topmargin smaller:
(fancyhdr)                \addtolength{\topmargin}{-11.25554pt}.

[5] (charte_projet.aux)
 ***********
LaTeX2e <2025-11-01>
L3 programming layer <2025-12-24>
 ***********
Package rerunfilecheck Info: File `charte_projet.out' has not changed.
(rerunfilecheck)             Checksum: D112BC4687E48B999B73AF8F8754CB6B;2942.
 ) 
Here is how much of TeX's memory you used:
 12562 strings out of 467871
 203844 string characters out of 5413034
 645643 words of memory out of 5000000
 41274 multiletter control sequences out of 15000+600000
 637315 words of font info for 58 fonts, out of 8000000 for 9000
 1141 hyphenation exceptions out of 8191
 75i,15n,79p,462b,690s stack positions out of 10000i,1000n,20000p,200000b,200000s
 <C:\Users\touat\scoop\apps\miktex\current\texmfs/data\fonts/pk/ljfour/jknapp
en/ec/dpi600\ecti1200.pk> <C:\Users\touat\scoop\apps\miktex\current\texmfs/data
\fonts/pk/ljfour/jknappen/ec/dpi600\ecrm1200.pk> <C:\Users\touat\scoop\apps\mik
tex\current\texmfs/data\fonts/pk/ljfour/jknappen/ec/dpi600\ecbx1200.pk> <C:\Use
rs\touat\scoop\apps\miktex\current\texmfs/data\fonts/pk/ljfour/jknappen/ec/dpi6
00\ecrm1440.pk> <C:\Users\touat\scoop\apps\miktex\current\texmfs/data\fonts/pk/
ljfour/jknappen/ec/dpi600\ecbx1440.pk> <C:\Users\touat\scoop\apps\miktex\curren
t\texmfs/data\fonts/pk/ljfour/jknappen/ec/dpi600\ecrm1728.pk> <C:\Users\touat\s
coop\apps\miktex\current\texmfs/data\fonts/pk/ljfour/jknappen/ec/dpi600\ecbx172
8.pk> <C:\Users\touat\scoop\apps\miktex\current\texmfs/data\fonts/pk/ljfour/jkn
appen/ec/dpi600\ecbx2488.pk>
Output written on charte_projet.pdf (6 pages, 242463 bytes).
PDF statistics:
 510 PDF objects out of 1000 (max. 8388607)
 31 named destinations out of 1000 (max. 500000)
 139 words of extra memory for PDF output out of 10000 (max. 10000000)

